Arguments: 
  C:\Program Files\nodejs\node.exe C:\Users\jalal\AppData\Roaming\npm\node_modules\yarn\bin\yarn.js install

PATH: 
  C:\WINDOWS\system32;C:\WINDOWS;C:\WINDOWS\System32\Wbem;C:\WINDOWS\System32\WindowsPowerShell\v1.0\;C:\Program Files (x86)\Skype\Phone\;C:\Program Files\Git\cmd;C:\Program Files\nodejs\;C:\Program Files (x86)\Brackets\command;C:\Users\jalal\AppData\Local\Microsoft\WindowsApps;C:\Users\jalal\AppData\Local\GitHubDesktop\bin;C:\Users\jalal\AppData\Roaming\npm;C:\Program Files\MongoDB\Server\3.6\bin;C:\Program Files\Microsoft VS Code\bin

Yarn version: 
  1.6.0

Node version: 
  8.9.4

Platform: 
  win32 x64

Trace: 
  Error: connect EACCES 104.16.61.173:443
      at Object._errnoException (util.js:1022:11)
      at _exceptionWithHostPort (util.js:1044:20)
      at TCPConnectWrap.afterConnect [as oncomplete] (net.js:1182:14)

npm manifest: 
  {
  
    "name": "ls-auth",
  
    "version": "0.0.1",
  
    "description": "LambdaSchool Auth",
  
    "scripts": {
  
      "test": "eslint tests/*.js && eslint src/*.js && mocha -R nyan tests",
  
      "start": "nodemon src/app.js",
  
      "watch": "npm test -- --watch"
  
    },
  
    "license": "ISC",
  
    "dependencies": {
  
      "babel-preset-es2015": "^6.24.0",
  
      "bcrypt": "^1.0.2",
  
      "body-parser": "^1.17.2",
  
      "chai": "^4.1.1",
  
      "chai-http": "^3.0.0",
  
      "eslint": "^3.17.1",
  
      "eslint-config-airbnb": "^14.1.0",
  
      "eslint-plugin-import": "^2.2.0",
  
      "express": "^4.15.4",
  
      "express-session": "^1.15.5",
  
      "mocha": "^3.5.0",
  
      "mongoose": "^4.11.7"
  
    },
  
    "devDependencies": {
  
      "nodemon": "^1.17.3"
  
    }
  
  }

yarn manifest: 
  No manifest

Lockfile: 
  No lockfile
